<?xml version="1.0" encoding="UTF-8"?>
<testsuite xmlns:xsi="http://www.w3.org/2001/XMLSchema-instance" xsi:noNamespaceSchemaLocation="https://maven.apache.org/surefire/maven-surefire-plugin/xsd/surefire-test-report.xsd" version="3.0.2" name="com.manish.app.Portfolio1ApplicationTests" time="8.179" tests="1" errors="0" skipped="0" failures="0">
  <properties>
[...]
</properties>
  <testcase name="contextLoads" classname="com.manish.app.Portfolio1ApplicationTests" time="1.914">
    <system-out><![CDATA[13:37:35.548 [main] INFO org.springframework.test.context.support.AnnotationConfigContextLoaderUtils -- Could not detect default configuration classes for test class [com.manish.app.Portfolio1ApplicationTests]: Portfolio1ApplicationTests does not declare any static, non-private, non-final, nested classes annotated with @Configuration.
13:37:35.815 [main] INFO org.springframework.boot.test.context.SpringBootTestContextBootstrapper -- Found @SpringBootConfiguration com.manish.app.Portfolio1Application for test class com.manish.app.Portfolio1ApplicationTests
13:37:36.408 [main] INFO org.springframework.boot.devtools.restart.RestartApplicationListener -- Restart disabled due to context in which it is running

  .   ____          _            __ _ _
 /\\ / ___'_ __ _ _(_)_ __  __ _ \ \ \ \
( ( )\___ | '_ | '_| | '_ \/ _` | \ \ \ \
 \\/  ___)| |_)| | | | | || (_| |  ) ) ) )
  '  |____| .__|_| |_|_| |_\__, | / / / /
 =========|_|==============|___/=/_/_/_/

 :: Spring Boot ::                (v3.4.1)

2025-01-23T13:37:37.205+05:30  INFO 4316 --- [Portfolio1] [           main] c.manish.app.Portfolio1ApplicationTests  : Starting Portfolio1ApplicationTests using Java 21.0.4 with PID 4316 (started by ASUS in C:\Users\ASUS\Documents\workspace-spring-tool-suite-4-4.26.0.RELEASE\Portfolio1)
2025-01-23T13:37:37.208+05:30  INFO 4316 --- [Portfolio1] [           main] c.manish.app.Portfolio1ApplicationTests  : No active profile set, falling back to 1 default profile: "default"
2025-01-23T13:37:39.707+05:30  INFO 4316 --- [Portfolio1] [           main] o.s.b.a.w.s.WelcomePageHandlerMapping    : Adding welcome page template: index
2025-01-23T13:37:40.694+05:30  WARN 4316 --- [Portfolio1] [           main] .s.s.UserDetailsServiceAutoConfiguration : 

Using generated security password: e721b4e1-2f6f-462d-b084-1d8be1e3e9e9

This generated password is for development use only. Your security configuration must be updated before running your application in production.

2025-01-23T13:37:40.755+05:30  INFO 4316 --- [Portfolio1] [           main] r$InitializeUserDetailsManagerConfigurer : Global AuthenticationManager configured with UserDetailsService bean with name inMemoryUserDetailsManager
2025-01-23T13:37:41.239+05:30  INFO 4316 --- [Portfolio1] [           main] c.manish.app.Portfolio1ApplicationTests  : Started Portfolio1ApplicationTests in 4.882 seconds (process running for 8.08)
]]></system-out>
    <system-err><![CDATA[Mockito is currently self-attaching to enable the inline-mock-maker. This will no longer work in future releases of the JDK. Please add Mockito as an agent to your build what is described in Mockito's documentation: https://javadoc.io/doc/org.mockito/mockito-core/latest/org/mockito/Mockito.html#0.3
WARNING: A Java agent has been loaded dynamically (C:\Users\ASUS\.m2\repository\net\bytebuddy\byte-buddy-agent\1.15.11\byte-buddy-agent-1.15.11.jar)
WARNING: If a serviceability tool is in use, please run with -XX:+EnableDynamicAgentLoading to hide this warning
WARNING: If a serviceability tool is not in use, please run with -Djdk.instrument.traceUsage for more information
WARNING: Dynamic loading of agents will be disallowed by default in a future release
]]></system-err>
  </testcase>
</testsuite>